# JRE version: Java(TM) SE Runtime Environment (17.0.5+9) (build 17.0.5+9-LTS-191)
# Java VM: Java HotSpot(TM) 64-Bit Server VM (17.0.5+9-LTS-191, mixed mode, emulated-client, sharing, tiered, compressed oops, compressed class ptrs, g1 gc, windows-amd64)
GC Precious Log:
 CPUs: 4 total, 4 available
 Memory: 8090M
 Large Page Support: Disabled
 NUMA Support: Disabled
 Compressed Oops: Enabled (32-bit)
 Heap Region Size: 1M
 Heap Min Capacity: 8M
 Heap Initial Capacity: 128M
 Heap Max Capacity: 2024M
 Pre-touch: Disabled
 Parallel Workers: 4
 Concurrent Workers: 1
 Concurrent Refinement Workers: 4
 Periodic GC: Disabled
Heap:
 garbage-first heap   total 61440K, used 38912K [0x0000000081800000, 0x0000000100000000)
  region size 1024K, 3 young (3072K), 2 survivors (2048K)
 Metaspace       used 68982K, committed 69568K, reserved 1114112K
  class space    used 10084K, committed 10304K, reserved 1048576K
GC Heap History (20 events):
Event: 18.998 GC heap before
{Heap before GC invocations=12 (full 0):
 garbage-first heap   total 61440K, used 46570K [0x0000000081800000, 0x0000000100000000)
  region size 1024K, 23 young (23552K), 2 survivors (2048K)
 Metaspace       used 43404K, committed 43904K, reserved 1089536K
  class space    used 6071K, committed 6272K, reserved 1048576K
}
Event: 19.002 GC heap after
{Heap after GC invocations=13 (full 0):
 garbage-first heap   total 61440K, used 26629K [0x0000000081800000, 0x0000000100000000)
  region size 1024K, 2 young (2048K), 2 survivors (2048K)
 Metaspace       used 43404K, committed 43904K, reserved 1089536K
  class space    used 6071K, committed 6272K, reserved 1048576K
}
Event: 19.985 GC heap before
{Heap before GC invocations=14 (full 0):
 garbage-first heap   total 61440K, used 46085K [0x0000000081800000, 0x0000000100000000)
  region size 1024K, 22 young (22528K), 2 survivors (2048K)
 Metaspace       used 47755K, committed 48256K, reserved 1097728K
  class space    used 6749K, committed 6976K, reserved 1048576K
}
Event: 19.988 GC heap after
{Heap after GC invocations=15 (full 0):
 garbage-first heap   total 61440K, used 27761K [0x0000000081800000, 0x0000000100000000)
  region size 1024K, 2 young (2048K), 2 survivors (2048K)
 Metaspace       used 47755K, committed 48256K, reserved 1097728K
  class space    used 6749K, committed 6976K, reserved 1048576K
}
Event: 21.594 GC heap before
{Heap before GC invocations=15 (full 0):
 garbage-first heap   total 61440K, used 47217K [0x0000000081800000, 0x0000000100000000)
  region size 1024K, 22 young (22528K), 2 survivors (2048K)
 Metaspace       used 52693K, committed 53184K, reserved 1097728K
  class space    used 7500K, committed 7744K, reserved 1048576K
}
Event: 21.597 GC heap after
{Heap after GC invocations=16 (full 0):
 garbage-first heap   total 61440K, used 28726K [0x0000000081800000, 0x0000000100000000)
  region size 1024K, 3 young (3072K), 3 survivors (3072K)
 Metaspace       used 52693K, committed 53184K, reserved 1097728K
  class space    used 7500K, committed 7744K, reserved 1048576K
}
Event: 22.606 GC heap before
{Heap before GC invocations=16 (full 0):
 garbage-first heap   total 61440K, used 49206K [0x0000000081800000, 0x0000000100000000)
  region size 1024K, 23 young (23552K), 3 survivors (3072K)
 Metaspace       used 57121K, committed 57664K, reserved 1097728K
  class space    used 8277K, committed 8576K, reserved 1048576K
}
Event: 22.610 GC heap after
{Heap after GC invocations=17 (full 0):
 garbage-first heap   total 61440K, used 29569K [0x0000000081800000, 0x0000000100000000)
  region size 1024K, 2 young (2048K), 2 survivors (2048K)
 Metaspace       used 57121K, committed 57664K, reserved 1097728K
  class space    used 8277K, committed 8576K, reserved 1048576K
}
Event: 23.264 GC heap before
{Heap before GC invocations=17 (full 0):
 garbage-first heap   total 61440K, used 50049K [0x0000000081800000, 0x0000000100000000)
  region size 1024K, 22 young (22528K), 2 survivors (2048K)
 Metaspace       used 59928K, committed 60416K, reserved 1105920K
  class space    used 8656K, committed 8896K, reserved 1048576K
}
Event: 23.269 GC heap after
{Heap after GC invocations=18 (full 0):
 garbage-first heap   total 61440K, used 31017K [0x0000000081800000, 0x0000000100000000)
  region size 1024K, 3 young (3072K), 3 survivors (3072K)
 Metaspace       used 59928K, committed 60416K, reserved 1105920K
  class space    used 8656K, committed 8896K, reserved 1048576K
}
Event: 23.956 GC heap before
{Heap before GC invocations=18 (full 0):
 garbage-first heap   total 61440K, used 49449K [0x0000000081800000, 0x0000000100000000)
  region size 1024K, 21 young (21504K), 3 survivors (3072K)
 Metaspace       used 62469K, committed 63040K, reserved 1105920K
  class space    used 9005K, committed 9280K, reserved 1048576K
}
Event: 23.962 GC heap after
{Heap after GC invocations=19 (full 0):
 garbage-first heap   total 61440K, used 32745K [0x0000000081800000, 0x0000000100000000)
  region size 1024K, 3 young (3072K), 3 survivors (3072K)
 Metaspace       used 62469K, committed 63040K, reserved 1105920K
  class space    used 9005K, committed 9280K, reserved 1048576K
}
Event: 25.936 GC heap before
{Heap before GC invocations=20 (full 0):
 garbage-first heap   total 61440K, used 49129K [0x0000000081800000, 0x0000000100000000)
  region size 1024K, 20 young (20480K), 3 survivors (3072K)
 Metaspace       used 63218K, committed 63744K, reserved 1105920K
  class space    used 9207K, committed 9472K, reserved 1048576K
}
Event: 25.943 GC heap after
{Heap after GC invocations=21 (full 0):
 garbage-first heap   total 61440K, used 34348K [0x0000000081800000, 0x0000000100000000)
  region size 1024K, 2 young (2048K), 2 survivors (2048K)
 Metaspace       used 63218K, committed 63744K, reserved 1105920K
  class space    used 9207K, committed 9472K, reserved 1048576K
}
Event: 27.059 GC heap before
{Heap before GC invocations=21 (full 0):
 garbage-first heap   total 61440K, used 50732K [0x0000000081800000, 0x0000000100000000)
  region size 1024K, 18 young (18432K), 2 survivors (2048K)
 Metaspace       used 65119K, committed 65600K, reserved 1105920K
  class space    used 9493K, committed 9728K, reserved 1048576K
}
Event: 27.064 GC heap after
{Heap after GC invocations=22 (full 0):
 garbage-first heap   total 61440K, used 35531K [0x0000000081800000, 0x0000000100000000)
  region size 1024K, 3 young (3072K), 3 survivors (3072K)
 Metaspace       used 65119K, committed 65600K, reserved 1105920K
  class space    used 9493K, committed 9728K, reserved 1048576K
}
Event: 30.402 GC heap before
{Heap before GC invocations=23 (full 0):
 garbage-first heap   total 61440K, used 50891K [0x0000000081800000, 0x0000000100000000)
  region size 1024K, 18 young (18432K), 3 survivors (3072K)
 Metaspace       used 67024K, committed 67584K, reserved 1114112K
  class space    used 9801K, committed 10048K, reserved 1048576K
}
Event: 30.410 GC heap after
{Heap after GC invocations=24 (full 0):
 garbage-first heap   total 61440K, used 37080K [0x0000000081800000, 0x0000000100000000)
  region size 1024K, 3 young (3072K), 3 survivors (3072K)
 Metaspace       used 67024K, committed 67584K, reserved 1114112K
  class space    used 9801K, committed 10048K, reserved 1048576K
}
Event: 31.478 GC heap before
{Heap before GC invocations=24 (full 0):
 garbage-first heap   total 61440K, used 50392K [0x0000000081800000, 0x0000000100000000)
  region size 1024K, 16 young (16384K), 3 survivors (3072K)
 Metaspace       used 68890K, committed 69440K, reserved 1114112K
  class space    used 10077K, committed 10304K, reserved 1048576K
}
Event: 31.485 GC heap after
{Heap after GC invocations=25 (full 0):
 garbage-first heap   total 61440K, used 38912K [0x0000000081800000, 0x0000000100000000)
  region size 1024K, 2 young (2048K), 2 survivors (2048K)
 Metaspace       used 68890K, committed 69440K, reserved 1114112K
  class space    used 10077K, committed 10304K, reserved 1048576K
}

